1652784094932	geckodriver	INFO	Listening on 127.0.0.1:51019
1652784108162	geckodriver	INFO	Listening on 127.0.0.1:51029
1652784140213	geckodriver	INFO	Listening on 127.0.0.1:51038
1652784272163	geckodriver	INFO	Listening on 127.0.0.1:51057
1652784275255	mozrunner::runner	INFO	Running command: "C:\\Program Files\\Mozilla Firefox\\firefox.exe" "--marionette" "--remote-debugging-port" "51058" "--remote-allow-hosts" "localhost" "-no-remote" "-profile" "C:\\Users\\fouda\\AppData\\Local\\Temp\\rust_mozprofile5cIDXS"
1652784278420	Marionette	INFO	Marionette enabled
console.warn: SearchSettings: "get: No settings file exists, new profile?" (new NotFoundError("Could not open the file at C:\\Users\\fouda\\AppData\\Local\\Temp\\rust_mozprofile5cIDXS\\search.json.mozlz4", (void 0)))
DevTools listening on ws://localhost:51058/devtools/browser/858f67bb-139e-40b8-8cf3-0736f009d9d3
1652784292076	Marionette	INFO	Listening on port 51090
Read port: 51090
1652784292249	RemoteAgent	WARN	TLS certificate errors will be ignored for this session
console.warn: LoginRecipes: "getRecipes: falling back to a synchronous message for:" "https://accounts.google.com"
console.warn: LoginRecipes: "getRecipes: falling back to a synchronous message for:" "https://accounts.google.com"
JavaScript warning: https://accounts.google.com/ServiceLogin?passive=1209600&continue=https%3A%2F%2Faccounts.google.com%2Fb%2F1%2FAddMailService&followup=https%3A%2F%2Faccounts.google.com%2Fb%2F1%2FAddMailService&flowName=GlifWebSignIn&flowEntry=ServiceLogin line 1 > eval line 61 > eval line 1 > eval line 1 > eval, line 1: WEBGL_debug_renderer_info is deprecated in Firefox and will be removed. Please use RENDERER.
1652784298522	Marionette	INFO	Stopped listening on port 51090

###!!! [Parent][PContentParent] Error: Send(msgname=PContent::Reply_DiscardBrowsingContext) Closed channel: cannot send/recv


###!!! [Parent][PContentParent] Error: Send(msgname=PContent::Msg_DestroyBrowsingContextGroup) Closed channel: cannot send/recv


###!!! [Parent][PContentParent] Error: Send(msgname=PContent::Reply_DiscardBrowsingContext) Closed channel: cannot send/recv


###!!! [Child][PContentChild] Error: RunMessage(msgname=PContent::Msg_DiscardBrowsingContext) Channel closing: too late to send/recv, messages will be lost


###!!! [Child][PContentChild] Error: RunMessage(msgname=PContent::Reply_DiscardBrowsingContext) Channel closing: too late to send/recv, messages will be lost


###!!! [Child][PContentChild] Error: RunMessage(msgname=PHttpChannel::Msg_DeleteSelf) Channel closing: too late to send/recv, messages will be lost

1652784301590	geckodriver	INFO	Listening on 127.0.0.1:51120
1652784304635	mozrunner::runner	INFO	Running command: "C:\\Program Files\\Mozilla Firefox\\firefox.exe" "--marionette" "--remote-debugging-port" "51121" "--remote-allow-hosts" "localhost" "-no-remote" "-profile" "C:\\Users\\fouda\\AppData\\Local\\Temp\\rust_mozprofile71Z2lY"
1652784305568	Marionette	INFO	Marionette enabled
console.warn: SearchSettings: "get: No settings file exists, new profile?" (new NotFoundError("Could not open the file at C:\\Users\\fouda\\AppData\\Local\\Temp\\rust_mozprofile71Z2lY\\search.json.mozlz4", (void 0)))
DevTools listening on ws://localhost:51121/devtools/browser/51b73da9-1281-4a1c-b8c3-d4bf12fd7a45
1652784311744	Marionette	INFO	Listening on port 51143
Read port: 51143
1652784313210	RemoteAgent	WARN	TLS certificate errors will be ignored for this session
console.warn: LoginRecipes: "getRecipes: falling back to a synchronous message for:" "https://accounts.google.com"
1652784316202	Marionette	WARN	TimedPromise timed out after 500 ms: stacktrace:
TimedPromise/<@chrome://remote/content/marionette/sync.js:235:19
TimedPromise@chrome://remote/content/marionette/sync.js:220:10
interaction.flushEventLoop@chrome://remote/content/marionette/interaction.js:431:10
webdriverClickElement@chrome://remote/content/marionette/interaction.js:179:31
console.warn: LoginRecipes: "getRecipes: falling back to a synchronous message for:" "https://accounts.google.com"
1652784317439	Marionette	INFO	Stopped listening on port 51143
[Parent 4188, IPC I/O Parent] WARNING: file /builds/worker/checkouts/gecko/ipc/chromium/src/base/process_util_win.cc:167
JavaScript error: resource://gre/modules/AsyncShutdown.jsm, line 718: Error: Phase "Sqlite.jsm: wait until all connections are closed" is finished, it is too late to register completion condition "protections.sqlite#0: waiting for shutdown"

###!!! [Child][PContentChild] Error: Send(msgname=PHttpChannel::Msg_DeletingChannel) Channel closing: too late to send/recv, messages will be lost


###!!! [Child][PContentChild] Error: RunMessage(msgname=PContent::Reply_DiscardBrowsingContext) Channel closing: too late to send/recv, messages will be lost


###!!! [Child][PContentChild] Error: RunMessage(msgname=PContent::Msg_DestroyBrowsingContextGroup) Channel closing: too late to send/recv, messages will be lost


###!!! [Child][PContentChild] Error: RunMessage(msgname=PContent::Reply_DiscardBrowsingContext) Channel closing: too late to send/recv, messages will be lost

1652784320178	geckodriver	INFO	Listening on 127.0.0.1:51178
1652784323222	mozrunner::runner	INFO	Running command: "C:\\Program Files\\Mozilla Firefox\\firefox.exe" "--marionette" "--remote-debugging-port" "51179" "--remote-allow-hosts" "localhost" "-no-remote" "-profile" "C:\\Users\\fouda\\AppData\\Local\\Temp\\rust_mozprofileg7Mom7"
1652784324334	Marionette	INFO	Marionette enabled
console.warn: SearchSettings: "get: No settings file exists, new profile?" (new NotFoundError("Could not open the file at C:\\Users\\fouda\\AppData\\Local\\Temp\\rust_mozprofileg7Mom7\\search.json.mozlz4", (void 0)))
DevTools listening on ws://localhost:51179/devtools/browser/1aa7e2ed-80f3-4bee-81de-f1780a3c5792
1652784331322	Marionette	INFO	Listening on port 51201
Read port: 51201
1652784331792	RemoteAgent	WARN	TLS certificate errors will be ignored for this session
console.warn: LoginRecipes: "getRecipes: falling back to a synchronous message for:" "https://accounts.google.com"
console.warn: LoginRecipes: "getRecipes: falling back to a synchronous message for:" "https://accounts.google.com"
JavaScript warning: https://accounts.google.com/ServiceLogin?passive=1209600&continue=https%3A%2F%2Faccounts.google.com%2Fb%2F1%2FAddMailService&followup=https%3A%2F%2Faccounts.google.com%2Fb%2F1%2FAddMailService&flowName=GlifWebSignIn&flowEntry=ServiceLogin line 1 > eval line 4265 > eval line 1 > eval line 1 > eval, line 1: WEBGL_debug_renderer_info is deprecated in Firefox and will be removed. Please use RENDERER.
console.warn: LoginRecipes: "getRecipes: falling back to a synchronous message for:" "https://accounts.google.com"
1652784336929	Marionette	INFO	Stopped listening on port 51201
JavaScript error: resource://gre/modules/UrlClassifierListManager.jsm, line 691: TypeError: this.tablesData[table] is undefined
JavaScript error: resource://gre/modules/AsyncShutdown.jsm, line 718: Error: Phase "Sqlite.jsm: wait until all connections are closed" is finished, it is too late to register completion condition "protections.sqlite#0: waiting for shutdown"

###!!! [Child][PContentChild] Error: Send(msgname=PNecko::Msg_RemoveRequestContext) Channel closing: too late to send/recv, messages will be lost

1652784340401	geckodriver	INFO	Listening on 127.0.0.1:51239
1652784343453	mozrunner::runner	INFO	Running command: "C:\\Program Files\\Mozilla Firefox\\firefox.exe" "--marionette" "--remote-debugging-port" "51240" "--remote-allow-hosts" "localhost" "-no-remote" "-profile" "C:\\Users\\fouda\\AppData\\Local\\Temp\\rust_mozprofilez5nBP8"
1652784344981	Marionette	INFO	Marionette enabled
console.warn: SearchSettings: "get: No settings file exists, new profile?" (new NotFoundError("Could not open the file at C:\\Users\\fouda\\AppData\\Local\\Temp\\rust_mozprofilez5nBP8\\search.json.mozlz4", (void 0)))
DevTools listening on ws://localhost:51240/devtools/browser/561f5d22-b6a8-43c0-a870-01077e99eaf4
1652784352162	Marionette	INFO	Listening on port 51262
Read port: 51262
1652784352661	RemoteAgent	WARN	TLS certificate errors will be ignored for this session
console.warn: LoginRecipes: "getRecipes: falling back to a synchronous message for:" "https://accounts.google.com"
console.warn: LoginRecipes: "getRecipes: falling back to a synchronous message for:" "https://accounts.google.com"
JavaScript warning: https://accounts.google.com/ServiceLogin?passive=1209600&continue=https%3A%2F%2Faccounts.google.com%2Fb%2F1%2FAddMailService&followup=https%3A%2F%2Faccounts.google.com%2Fb%2F1%2FAddMailService&flowName=GlifWebSignIn&flowEntry=ServiceLogin line 1 > eval line 4872 > eval line 1 > eval line 1 > eval, line 1: WEBGL_debug_renderer_info is deprecated in Firefox and will be removed. Please use RENDERER.
console.warn: LoginRecipes: "getRecipes: falling back to a synchronous message for:" "https://accounts.google.com"
JavaScript warning: https://accounts.google.com/ServiceLogin?passive=1209600&continue=https%3A%2F%2Faccounts.google.com%2Fb%2F1%2FAddMailService&followup=https%3A%2F%2Faccounts.google.com%2Fb%2F1%2FAddMailService&flowName=GlifWebSignIn&flowEntry=ServiceLogin line 1 > eval line 219 > eval line 1 > eval line 1 > eval, line 1: WEBGL_debug_renderer_info is deprecated in Firefox and will be removed. Please use RENDERER.
1652784357792	Marionette	INFO	Stopped listening on port 51262
JavaScript error: resource://gre/modules/UrlClassifierListManager.jsm, line 691: TypeError: this.tablesData[table] is undefined
[Parent 11688, IPC I/O Parent] WARNING: file /builds/worker/checkouts/gecko/ipc/chromium/src/base/process_util_win.cc:167
